<?xml version="1.0" encoding="UTF-8"?>
<!-- Generated by org.testng.reporters.JUnitReportReporter -->
<testsuite hostname="IN-DQYZDK3" failures="0" tests="1" name="Testcases.Post_Request" time="1.542" errors="0" timestamp="2023-12-21T15:19:34 IST" skipped="0">
  <testcase classname="Testcases.Post_Request" name="postrequest" time="1.542"/>
</testsuite> <!-- Testcases.Post_Request -->
