<?xml version="1.0" encoding="UTF-8"?>
<!-- Generated by org.testng.reporters.JUnitReportReporter -->
<testsuite hostname="IN-DQYZDK3" failures="0" tests="2" name="Testcases.FirstTestcase_get" time="2.416" errors="0" timestamp="2023-12-18T22:01:45 IST" skipped="0">
  <testcase classname="Testcases.FirstTestcase_get" name="tc02_get" time="0.891"/>
  <testcase classname="Testcases.FirstTestcase_get" name="tc01_get" time="1.525"/>
</testsuite> <!-- Testcases.FirstTestcase_get -->
